<?xml version="1.0" encoding="UTF-8" ?>
<testsuite tests="4" failures="0" name="coment.ZookeeperTest" time="22.171" errors="0" skipped="0">
  <properties>
[...]
</properties>
  <testcase classname="coment.ZookeeperTest" name="testCreatePNode" time="18.49"/>
  <testcase classname="coment.ZookeeperTest" name="testWatcher" time="1.223"/>
  <testcase classname="coment.ZookeeperTest" name="testDeleteNode" time="1.224"/>
  <testcase classname="coment.ZookeeperTest" name="testNodeStat" time="1.234"/>
</testsuite>